<?xml version="1.0" encoding="UTF-8"?>
<!-- Generated by org.testng.reporters.JUnitXMLReporter -->
<testsuite ignored="5" hostname="Amirthavahini08" failures="0" tests="5" name="Test" time="0.026" errors="0" timestamp="2025-08-14T10:53:17 IST">
  <testcase classname="com.testng.PriorityDemo" name="openApplication" time="0.0"/>
  <testcase classname="com.testng.PriorityDemo" name="loginWithCredentials" time="0.0"/>
  <testcase classname="com.testng.AnnotationsDemo" name="test1" time="0.0"/>
  <testcase classname="com.testng.IgnoreDemo" name="openApplication" time="0.001"/>
  <testcase classname="com.testng.IgnoreDemo" name="closeTheApp" time="0.0"/>
  <testcase classname="com.testng.AnnotationsDemo" name="test3" time="0.0">
    <ignored/>
  </testcase> <!-- test3 -->
  <testcase classname="com.testng.IgnoreDemo" name="loginWithCredentials2" time="0.0">
    <ignored/>
  </testcase> <!-- loginWithCredentials2 -->
  <testcase classname="com.testng.PriorityDemo" name="closeTheAppInPriority" time="0.0">
    <ignored/>
  </testcase> <!-- closeTheAppInPriority -->
  <testcase classname="com.testng.AnnotationsDemo" name="test2" time="0.0">
    <ignored/>
  </testcase> <!-- test2 -->
  <testcase classname="com.testng.IgnoreDemo" name="loginWithCredentials" time="0.0">
    <ignored/>
  </testcase> <!-- loginWithCredentials -->
</testsuite> <!-- Test -->
