<?xml version="1.0" encoding="UTF-8"?>
<!-- Generated by org.testng.reporters.JUnitXMLReporter -->
<testsuite ignored="0" hostname="Amirthavahini08" failures="0" tests="3" name="Default test" time="7.016" errors="0" timestamp="2025-08-14T10:24:24 IST">
  <testcase classname="com.testng.LoginTest" name="login" time="3.834"/>
  <testcase classname="com.testng.LoginTest" name="login" time="0.54"/>
  <testcase classname="com.testng.LoginTest" name="login" time="1.017"/>
</testsuite> <!-- Default test -->
