<?xml version="1.0" encoding="UTF-8"?>
<!-- Generated by org.testng.reporters.JUnitXMLReporter -->
<testsuite ignored="1" hostname="Amirthavahini08" failures="0" tests="4" name="Test" time="0.202" errors="0" timestamp="2025-08-14T10:53:07 IST">
  <testcase classname="com.testng.GroupingDemo" name="greet" time="0.009"/>
  <testcase classname="com.testng.GroupingDemo" name="sayHi" time="0.0"/>
  <testcase classname="com.testng.GroupingDemo" name="sayThanks" time="0.0"/>
  <testcase classname="com.testng.GroupingDemo" name="sayWelcome" time="0.002"/>
  <testcase classname="com.testng.GroupingDemo" name="sayHello" time="0.0">
    <ignored/>
  </testcase> <!-- sayHello -->
</testsuite> <!-- Test -->
