<?xml version="1.0" encoding="UTF-8"?>
<testng-results ignored="6" total="18" passed="12" failed="0" skipped="0">
  <reporter-output>
  </reporter-output>
  <suite started-at="2025-08-14T10:53:06 IST" name="Suite" finished-at="2025-08-14T10:53:06 IST" duration-ms="202">
    <groups>
      <group name="Regression">
        <method signature="GroupingDemo.sayThanks()[pri:0, instance:com.testng.GroupingDemo@c7ba306]" name="sayThanks" class="com.testng.GroupingDemo"/>
        <method signature="GroupingDemo.sayWelcome()[pri:0, instance:com.testng.GroupingDemo@c7ba306]" name="sayWelcome" class="com.testng.GroupingDemo"/>
      </group> <!-- Regression -->
      <group name="Smoke">
        <method signature="GroupingDemo.greet()[pri:0, instance:com.testng.GroupingDemo@c7ba306]" name="greet" class="com.testng.GroupingDemo"/>
        <method signature="GroupingDemo.sayHi()[pri:0, instance:com.testng.GroupingDemo@c7ba306]" name="sayHi" class="com.testng.GroupingDemo"/>
        <method signature="GroupingDemo.sayWelcome()[pri:0, instance:com.testng.GroupingDemo@c7ba306]" name="sayWelcome" class="com.testng.GroupingDemo"/>
      </group> <!-- Smoke -->
    </groups>
    <test started-at="2025-08-14T10:53:06 IST" name="Test" finished-at="2025-08-14T10:53:06 IST" duration-ms="202">
      <class name="com.testng.GroupingDemo">
        <test-method signature="greet()[pri:0, instance:com.testng.GroupingDemo@c7ba306]" started-at="2025-08-14T10:53:06 IST" name="greet" finished-at="2025-08-14T10:53:06 IST" duration-ms="9" status="PASS">
          <reporter-output>
          </reporter-output>
        </test-method> <!-- greet -->
        <test-method signature="sayHi()[pri:0, instance:com.testng.GroupingDemo@c7ba306]" started-at="2025-08-14T10:53:06 IST" name="sayHi" finished-at="2025-08-14T10:53:06 IST" duration-ms="0" status="PASS">
          <reporter-output>
          </reporter-output>
        </test-method> <!-- sayHi -->
        <test-method signature="sayThanks()[pri:0, instance:com.testng.GroupingDemo@c7ba306]" started-at="2025-08-14T10:53:06 IST" name="sayThanks" finished-at="2025-08-14T10:53:06 IST" duration-ms="0" status="PASS">
          <reporter-output>
          </reporter-output>
        </test-method> <!-- sayThanks -->
        <test-method signature="sayWelcome()[pri:0, instance:com.testng.GroupingDemo@c7ba306]" started-at="2025-08-14T10:53:06 IST" name="sayWelcome" finished-at="2025-08-14T10:53:06 IST" duration-ms="2" status="PASS">
          <reporter-output>
          </reporter-output>
        </test-method> <!-- sayWelcome -->
      </class> <!-- com.testng.GroupingDemo -->
    </test> <!-- Test -->
  </suite> <!-- Suite -->
  <suite started-at="2025-08-14T10:53:16 IST" name="Suite (1)" finished-at="2025-08-14T10:53:16 IST" duration-ms="26">
    <groups>
    </groups>
    <test started-at="2025-08-14T10:53:16 IST" name="Test" finished-at="2025-08-14T10:53:16 IST" duration-ms="26">
      <class name="com.testng.PriorityDemo">
        <test-method signature="loginWithCredentials()[pri:0, instance:com.testng.PriorityDemo@3ad2e17]" started-at="2025-08-14T10:53:16 IST" name="loginWithCredentials" finished-at="2025-08-14T10:53:16 IST" duration-ms="0" status="PASS">
          <reporter-output>
          </reporter-output>
        </test-method> <!-- loginWithCredentials -->
        <test-method signature="openApplication()[pri:-2, instance:com.testng.PriorityDemo@3ad2e17]" started-at="2025-08-14T10:53:16 IST" name="openApplication" finished-at="2025-08-14T10:53:16 IST" duration-ms="0" status="PASS">
          <reporter-output>
          </reporter-output>
        </test-method> <!-- openApplication -->
      </class> <!-- com.testng.PriorityDemo -->
      <class name="com.testng.IgnoreDemo">
        <test-method signature="openApplication()[pri:-2, instance:com.testng.IgnoreDemo@29ca3d04]" started-at="2025-08-14T10:53:16 IST" name="openApplication" finished-at="2025-08-14T10:53:16 IST" duration-ms="1" status="PASS">
          <reporter-output>
          </reporter-output>
        </test-method> <!-- openApplication -->
        <test-method signature="closeTheApp()[pri:5, instance:com.testng.IgnoreDemo@29ca3d04]" started-at="2025-08-14T10:53:16 IST" name="closeTheApp" finished-at="2025-08-14T10:53:16 IST" duration-ms="0" status="PASS">
          <reporter-output>
          </reporter-output>
        </test-method> <!-- closeTheApp -->
      </class> <!-- com.testng.IgnoreDemo -->
      <class name="com.testng.AnnotationsDemo">
        <test-method is-config="true" signature="beforeclass()[pri:0, instance:com.testng.AnnotationsDemo@5bf8fa12]" started-at="2025-08-14T10:53:16 IST" name="beforeclass" finished-at="2025-08-14T10:53:16 IST" duration-ms="13" status="PASS">
          <reporter-output>
          </reporter-output>
        </test-method> <!-- beforeclass -->
        <test-method is-config="true" signature="beforeTest()[pri:0, instance:com.testng.AnnotationsDemo@5bf8fa12]" started-at="2025-08-14T10:53:16 IST" name="beforeTest" finished-at="2025-08-14T10:53:16 IST" duration-ms="0" status="PASS">
          <reporter-output>
          </reporter-output>
        </test-method> <!-- beforeTest -->
        <test-method is-config="true" signature="beforeSuite()[pri:0, instance:com.testng.AnnotationsDemo@5bf8fa12]" started-at="2025-08-14T10:53:16 IST" name="beforeSuite" finished-at="2025-08-14T10:53:16 IST" duration-ms="0" status="PASS">
          <reporter-output>
          </reporter-output>
        </test-method> <!-- beforeSuite -->
        <test-method is-config="true" signature="beforeMethod()[pri:0, instance:com.testng.AnnotationsDemo@5bf8fa12]" started-at="2025-08-14T10:53:16 IST" name="beforeMethod" finished-at="2025-08-14T10:53:16 IST" duration-ms="1" status="PASS">
          <reporter-output>
          </reporter-output>
        </test-method> <!-- beforeMethod -->
        <test-method signature="test1()[pri:0, instance:com.testng.AnnotationsDemo@5bf8fa12]" started-at="2025-08-14T10:53:16 IST" name="test1" finished-at="2025-08-14T10:53:16 IST" duration-ms="0" status="PASS">
          <reporter-output>
          </reporter-output>
        </test-method> <!-- test1 -->
        <test-method is-config="true" signature="afterMethod()[pri:0, instance:com.testng.AnnotationsDemo@5bf8fa12]" started-at="2025-08-14T10:53:16 IST" name="afterMethod" finished-at="2025-08-14T10:53:16 IST" duration-ms="1" status="PASS">
          <reporter-output>
          </reporter-output>
        </test-method> <!-- afterMethod -->
        <test-method is-config="true" signature="afterClass()[pri:0, instance:com.testng.AnnotationsDemo@5bf8fa12]" started-at="2025-08-14T10:53:16 IST" name="afterClass" finished-at="2025-08-14T10:53:16 IST" duration-ms="0" status="PASS">
          <reporter-output>
          </reporter-output>
        </test-method> <!-- afterClass -->
        <test-method is-config="true" signature="afterTest()[pri:0, instance:com.testng.AnnotationsDemo@5bf8fa12]" started-at="2025-08-14T10:53:16 IST" name="afterTest" finished-at="2025-08-14T10:53:16 IST" duration-ms="0" status="PASS">
          <reporter-output>
          </reporter-output>
        </test-method> <!-- afterTest -->
        <test-method is-config="true" signature="afterSuite()[pri:0, instance:com.testng.AnnotationsDemo@5bf8fa12]" started-at="2025-08-14T10:53:17 IST" name="afterSuite" finished-at="2025-08-14T10:53:17 IST" duration-ms="2" status="PASS">
          <reporter-output>
          </reporter-output>
        </test-method> <!-- afterSuite -->
      </class> <!-- com.testng.AnnotationsDemo -->
    </test> <!-- Test -->
  </suite> <!-- Suite (1) -->
  <suite started-at="2025-08-14T10:53:07 IST" name="Suite (0)" finished-at="2025-08-14T10:53:16 IST" duration-ms="9753">
    <groups>
    </groups>
    <test started-at="2025-08-14T10:53:07 IST" name="Test" finished-at="2025-08-14T10:53:16 IST" duration-ms="9753">
      <class name="com.testng.LoginTest">
        <test-method is-config="true" signature="setup()[pri:0, instance:com.testng.LoginTest@7331196b]" started-at="2025-08-14T10:53:07 IST" name="setup" finished-at="2025-08-14T10:53:08 IST" duration-ms="1377" status="PASS">
          <reporter-output>
          </reporter-output>
        </test-method> <!-- setup -->
        <test-method signature="login(java.lang.String,java.lang.String)[pri:0, instance:com.testng.LoginTest@7331196b]" started-at="2025-08-14T10:53:08 IST" name="login" data-provider="dp" finished-at="2025-08-14T10:53:15 IST" duration-ms="6467" status="PASS">
          <params>
            <param index="0">
              <value>
                <![CDATA[maruthatcf]]>
              </value>
            </param>
            <param index="1">
              <value>
                <![CDATA[mptcf@2309]]>
              </value>
            </param>
          </params>
          <reporter-output>
          </reporter-output>
        </test-method> <!-- login -->
        <test-method signature="login(java.lang.String,java.lang.String)[pri:0, instance:com.testng.LoginTest@7331196b]" started-at="2025-08-14T10:53:15 IST" name="login" data-provider="dp" finished-at="2025-08-14T10:53:16 IST" duration-ms="1028" status="PASS">
          <params>
            <param index="0">
              <value>
                <![CDATA[mukeshe912]]>
              </value>
            </param>
            <param index="1">
              <value>
                <![CDATA[mukeshe912]]>
              </value>
            </param>
          </params>
          <reporter-output>
          </reporter-output>
        </test-method> <!-- login -->
        <test-method signature="login(java.lang.String,java.lang.String)[pri:0, instance:com.testng.LoginTest@7331196b]" started-at="2025-08-14T10:53:16 IST" name="login" data-provider="dp" finished-at="2025-08-14T10:53:16 IST" duration-ms="750" status="PASS">
          <params>
            <param index="0">
              <value>
                <![CDATA[Admin130]]>
              </value>
            </param>
            <param index="1">
              <value>
                <![CDATA[admin@123]]>
              </value>
            </param>
          </params>
          <reporter-output>
          </reporter-output>
        </test-method> <!-- login -->
        <test-method is-config="true" signature="teardown()[pri:0, instance:com.testng.LoginTest@7331196b]" started-at="2025-08-14T10:53:16 IST" name="teardown" finished-at="2025-08-14T10:53:16 IST" duration-ms="125" status="PASS">
          <reporter-output>
          </reporter-output>
        </test-method> <!-- teardown -->
      </class> <!-- com.testng.LoginTest -->
    </test> <!-- Test -->
  </suite> <!-- Suite (0) -->
</testng-results>
